{
  "stats": {
    "suites": 1,
    "tests": 2,
    "passes": 2,
    "pending": 0,
    "failures": 0,
    "start": "2024-11-25T06:51:28.945Z",
    "end": "2024-11-25T06:51:35.216Z",
    "duration": 6271,
    "testsRegistered": 2,
    "passPercent": 100,
    "pendingPercent": 0,
    "other": 0,
    "hasOther": false,
    "skipped": 0,
    "hasSkipped": false
  },
  "results": [
    {
      "uuid": "30499412-4ba9-4957-b052-6993004d72f2",
      "title": "",
      "fullFile": "cypress\\e2e\\login.spec.js",
      "file": "cypress\\e2e\\login.spec.js",
      "beforeHooks": [],
      "afterHooks": [],
      "tests": [],
      "suites": [
        {
          "uuid": "f4acb0e1-a4c2-4e8b-9d45-2271516df30c",
          "title": "Login to Sauce Demo",
          "fullFile": "",
          "file": "",
          "beforeHooks": [],
          "afterHooks": [],
          "tests": [
            {
              "title": "should login successfully with valid credentials",
              "fullTitle": "Login to Sauce Demo should login successfully with valid credentials",
              "timedOut": null,
              "duration": 2562,
              "state": "passed",
              "speed": "fast",
              "pass": true,
              "fail": false,
              "pending": false,
              "context": null,
              "code": "// Isi form login dengan kredensial yang benar\ncy.get('[data-test=\"username\"]').type('standard_user');\ncy.get('[data-test=\"password\"]').type('secret_sauce');\ncy.get('[data-test=\"login-button\"]').click();\n// Verifikasi bahwa login berhasil dengan memeriksa adanya elemen yang hanya terlihat setelah login\ncy.url().should('include', '/inventory.html');\ncy.get('.title').should('contain', 'Products');",
              "err": {},
              "uuid": "506323b1-b7eb-4ee2-a0c9-5451d3b8e54f",
              "parentUUID": "f4acb0e1-a4c2-4e8b-9d45-2271516df30c",
              "isHook": false,
              "skipped": false
            },
            {
              "title": "should show an error with invalid credentials",
              "fullTitle": "Login to Sauce Demo should show an error with invalid credentials",
              "timedOut": null,
              "duration": 1528,
              "state": "passed",
              "speed": "fast",
              "pass": true,
              "fail": false,
              "pending": false,
              "context": null,
              "code": "// Coba login dengan kredensial yang salah\ncy.get('[data-test=\"username\"]').type('invalid_user');\ncy.get('[data-test=\"password\"]').type('wrong_password');\ncy.get('[data-test=\"login-button\"]').click();\n// Verifikasi bahwa error muncul\ncy.get('.error-message-container').should('be.visible');",
              "err": {},
              "uuid": "fae91931-6503-4e79-8d9b-1ae095b1ac29",
              "parentUUID": "f4acb0e1-a4c2-4e8b-9d45-2271516df30c",
              "isHook": false,
              "skipped": false
            }
          ],
          "suites": [],
          "passes": [
            "506323b1-b7eb-4ee2-a0c9-5451d3b8e54f",
            "fae91931-6503-4e79-8d9b-1ae095b1ac29"
          ],
          "failures": [],
          "pending": [],
          "skipped": [],
          "duration": 4090,
          "root": false,
          "rootEmpty": false,
          "_timeout": 2000
        }
      ],
      "passes": [],
      "failures": [],
      "pending": [],
      "skipped": [],
      "duration": 0,
      "root": true,
      "rootEmpty": true,
      "_timeout": 2000
    }
  ],
  "meta": {
    "mocha": {
      "version": "7.0.1"
    },
    "mochawesome": {
      "options": {
        "quiet": false,
        "reportFilename": "mochawesome",
        "saveHtml": true,
        "saveJson": true,
        "consoleReporter": "spec",
        "useInlineDiffs": false,
        "code": true
      },
      "version": "7.1.3"
    },
    "marge": {
      "options": {
        "reportDir": "cypress/reports",
        "overwrite": false,
        "html": true,
        "json": true
      },
      "version": "6.2.0"
    }
  }
}